<?xml version="1.0" encoding="UTF-8"?>
<!-- Generated by org.testng.reporters.JUnitReportReporter -->
<testsuite hostname="DESKTOP-9JRIH4T" failures="0" tests="1" name="org.assignment.test.Test" time="6.332" errors="0" timestamp="2023-05-25T15:20:31 IST" skipped="0">
  <testcase classname="org.assignment.test.Test" name="test" time="6.332"/>
  <system-out/>
</testsuite> <!-- org.assignment.test.Test -->
